<?xml version="1.0" encoding="UTF-8"?>
<!-- Generated by org.testng.reporters.JUnitReportReporter -->
<testsuite hostname="KODEs-Mac-mini.local" failures="0" tests="2" name="login.LiveMERIDIQLogin" time="21.174" errors="0" timestamp="2024-09-09T10:50:33 IST" skipped="0">
  <testcase classname="login.LiveMERIDIQLogin" name="login" time="20.784"/>
  <system-out/>
  <testcase classname="login.LiveMERIDIQLogin" name="quitBrowser" time="0.390"/>
  <system-out/>
</testsuite> <!-- login.LiveMERIDIQLogin -->
