<?xml version="1.0" encoding="UTF-8"?>
<!-- Generated by org.testng.reporters.JUnitReportReporter -->
<testsuite hostname="KODEs-Mac-mini.local" failures="0" tests="3" name="liveNotesFiles.AddNoteSubmitDraft" time="31.744" errors="0" timestamp="2024-07-18T17:01:21 IST" skipped="0">
  <testcase classname="liveNotesFiles.AddNoteSubmitDraft" name="goToClient" time="3.263"/>
  <system-out/>
  <testcase classname="liveNotesFiles.AddNoteSubmitDraft" name="searchClient" time="9.513"/>
  <system-out/>
  <testcase classname="liveNotesFiles.AddNoteSubmitDraft" name="addNoteSubmitDraft" time="18.968"/>
  <system-out/>
</testsuite> <!-- liveNotesFiles.AddNoteSubmitDraft -->
