<?xml version="1.0" encoding="UTF-8"?>
<!-- Generated by org.testng.reporters.JUnitReportReporter -->
<testsuite hostname="KODEs-Mac-mini.local" failures="0" tests="2" name="login.TestMERIDIQLogin" time="26.479" errors="0" timestamp="2024-09-02T17:19:21 IST" skipped="0">
  <testcase classname="login.TestMERIDIQLogin" name="login" time="25.833"/>
  <system-out/>
  <testcase classname="login.TestMERIDIQLogin" name="quitBrowser" time="0.646"/>
  <system-out/>
</testsuite> <!-- login.TestMERIDIQLogin -->
