<?xml version="1.0" encoding="UTF-8"?>
<!-- Generated by org.testng.reporters.JUnitReportReporter -->
<testsuite hostname="KODEs-Mac-mini.local" failures="0" tests="3" name="livePrescriptions.AddPrescriptionSubmitDraft" time="31.880" errors="0" timestamp="2024-07-18T15:54:47 IST" skipped="0">
  <testcase classname="livePrescriptions.AddPrescriptionSubmitDraft" name="goToClient" time="3.178"/>
  <system-out/>
  <testcase classname="livePrescriptions.AddPrescriptionSubmitDraft" name="searchClient" time="9.475"/>
  <system-out/>
  <testcase classname="livePrescriptions.AddPrescriptionSubmitDraft" name="addPrescriptionSubmitDraft" time="19.227"/>
  <system-out/>
</testsuite> <!-- livePrescriptions.AddPrescriptionSubmitDraft -->
