<?xml version="1.0" encoding="UTF-8"?>
<!-- Generated by org.testng.reporters.JUnitReportReporter -->
<testsuite hostname="KODEs-Mac-mini.local" failures="0" tests="3" name="procedures.AddProcedurePrescriptionSubmitDraft" time="48.658" errors="0" timestamp="2024-07-18T09:34:02 IST" skipped="0">
  <testcase classname="procedures.AddProcedurePrescriptionSubmitDraft" name="goToClient" time="4.956"/>
  <system-out/>
  <testcase classname="procedures.AddProcedurePrescriptionSubmitDraft" name="searchClient" time="9.779"/>
  <system-out/>
  <testcase classname="procedures.AddProcedurePrescriptionSubmitDraft" name="addProcedureWithPrescription" time="33.923"/>
  <system-out/>
</testsuite> <!-- procedures.AddProcedurePrescriptionSubmitDraft -->
