<?xml version="1.0" encoding="UTF-8"?>
<!-- Generated by org.testng.reporters.JUnitReportReporter -->
<testsuite hostname="KODEs-Mac-mini.local" failures="0" tests="3" name="testDownload.DownloadZipFromClient" time="15.582" errors="0" timestamp="2024-09-13T12:08:05 IST" skipped="0">
  <testcase classname="testDownload.DownloadZipFromClient" name="goToClient" time="3.171"/>
  <system-out/>
  <testcase classname="testDownload.DownloadZipFromClient" name="searchClient" time="9.326"/>
  <system-out/>
  <testcase classname="testDownload.DownloadZipFromClient" name="downloadZIP" time="3.085"/>
  <system-out/>
</testsuite> <!-- testDownload.DownloadZipFromClient -->
