<?xml version="1.0" encoding="UTF-8"?>
<!-- Generated by org.testng.reporters.JUnitReportReporter -->
<testsuite hostname="KODEs-Mac-mini.local" failures="0" tests="3" name="liveProcedures.AddProcedurePrescriptionSubmitDraft" time="44.493" errors="0" timestamp="2024-07-18T15:44:55 IST" skipped="0">
  <testcase classname="liveProcedures.AddProcedurePrescriptionSubmitDraft" name="goToClient" time="3.204"/>
  <system-out/>
  <testcase classname="liveProcedures.AddProcedurePrescriptionSubmitDraft" name="searchClient" time="9.444"/>
  <system-out/>
  <testcase classname="liveProcedures.AddProcedurePrescriptionSubmitDraft" name="addProcedureWithPrescription" time="31.845"/>
  <system-out/>
</testsuite> <!-- liveProcedures.AddProcedurePrescriptionSubmitDraft -->
