<?xml version="1.0" encoding="UTF-8"?>
<!-- Generated by org.testng.reporters.JUnitReportReporter -->
<testsuite hostname="KODEs-Mac-mini.local" failures="0" tests="3" name="prescriptions.CreatePrescriptionSubmitDraft" time="31.946" errors="0" timestamp="2024-07-17T17:20:28 IST" skipped="0">
  <testcase classname="prescriptions.CreatePrescriptionSubmitDraft" name="goToClient" time="3.160"/>
  <system-out/>
  <testcase classname="prescriptions.CreatePrescriptionSubmitDraft" name="searchClient" time="9.550"/>
  <system-out/>
  <testcase classname="prescriptions.CreatePrescriptionSubmitDraft" name="addPrescriptionSubmitDraft" time="19.236"/>
  <system-out/>
</testsuite> <!-- prescriptions.CreatePrescriptionSubmitDraft -->
