<?xml version="1.0" encoding="UTF-8"?>
<!-- Generated by org.testng.reporters.JUnitReportReporter -->
<testsuite hostname="KODEs-Mac-mini.local" failures="0" tests="3" name="liveBooking.AddClientBooking" time="50.766" errors="0" timestamp="2024-07-25T11:43:45 IST" skipped="0">
  <testcase classname="liveBooking.AddClientBooking" name="goToClient" time="3.142"/>
  <system-out/>
  <testcase classname="liveBooking.AddClientBooking" name="searchClient" time="9.475"/>
  <system-out/>
  <testcase classname="liveBooking.AddClientBooking" name="addBooking" time="38.149"/>
  <system-out/>
</testsuite> <!-- liveBooking.AddClientBooking -->
