<?xml version="1.0" encoding="UTF-8"?>
<!-- Generated by org.testng.reporters.JUnitReportReporter -->
<testsuite hostname="KODEs-Mac-mini.local" failures="0" tests="3" name="liveProcedures.AddProcedureSubmitDraft" time="35.087" errors="0" timestamp="2024-07-18T15:42:27 IST" skipped="0">
  <testcase classname="liveProcedures.AddProcedureSubmitDraft" name="goToClient" time="3.175"/>
  <system-out/>
  <testcase classname="liveProcedures.AddProcedureSubmitDraft" name="searchClient" time="9.559"/>
  <system-out/>
  <testcase classname="liveProcedures.AddProcedureSubmitDraft" name="addProcedureSubmitDraft" time="22.353"/>
  <system-out/>
</testsuite> <!-- liveProcedures.AddProcedureSubmitDraft -->
