<?xml version="1.0" encoding="UTF-8"?>
<!-- Generated by org.testng.reporters.JUnitReportReporter -->
<testsuite hostname="KODEs-Mac-mini.local" failures="0" tests="2" name="login.LivePrescriptionLogin" time="26.999" errors="0" timestamp="2024-09-09T10:50:00 IST" skipped="0">
  <testcase classname="login.LivePrescriptionLogin" name="login" time="26.591"/>
  <system-out/>
  <testcase classname="login.LivePrescriptionLogin" name="quitBrowser" time="0.408"/>
  <system-out/>
</testsuite> <!-- login.LivePrescriptionLogin -->
