<?xml version="1.0" encoding="UTF-8"?>
<!-- Generated by org.testng.reporters.JUnitReportReporter -->
<testsuite hostname="KODEs-Mac-mini.local" failures="0" tests="3" name="procedures.CreateProcedureSubmitDraft" time="35.173" errors="0" timestamp="2024-07-17T12:28:27 IST" skipped="0">
  <testcase classname="procedures.CreateProcedureSubmitDraft" name="goToClient" time="3.185"/>
  <system-out/>
  <testcase classname="procedures.CreateProcedureSubmitDraft" name="searchClient" time="9.451"/>
  <system-out/>
  <testcase classname="procedures.CreateProcedureSubmitDraft" name="addProcedureSubmitDraft" time="22.537"/>
  <system-out/>
</testsuite> <!-- procedures.CreateProcedureSubmitDraft -->
