<?xml version="1.0" encoding="UTF-8"?>
<!-- Generated by org.testng.reporters.JUnitReportReporter -->
<testsuite hostname="KODEs-Mac-mini.local" failures="0" tests="3" name="prescriptions.CreatePrescriptionPrescriber" time="38.419" errors="0" timestamp="2024-07-17T17:27:05 IST" skipped="0">
  <testcase classname="prescriptions.CreatePrescriptionPrescriber" name="goToClient" time="3.223"/>
  <system-out/>
  <testcase classname="prescriptions.CreatePrescriptionPrescriber" name="searchClient" time="9.480"/>
  <system-out/>
  <testcase classname="prescriptions.CreatePrescriptionPrescriber" name="addPrescriptionSubmitDraft" time="25.716"/>
  <system-out/>
</testsuite> <!-- prescriptions.CreatePrescriptionPrescriber -->
