<?xml version="1.0" encoding="UTF-8"?>
<!-- Generated by org.testng.reporters.JUnitReportReporter -->
<testsuite hostname="KODEs-Mac-mini.local" failures="0" tests="3" name="loc.CreateLoCSubmitDraft" time="41.175" errors="0" timestamp="2024-07-17T16:45:33 IST" skipped="0">
  <testcase classname="loc.CreateLoCSubmitDraft" name="goToClient" time="4.881"/>
  <system-out/>
  <testcase classname="loc.CreateLoCSubmitDraft" name="searchClient" time="9.717"/>
  <system-out/>
  <testcase classname="loc.CreateLoCSubmitDraft" name="AddLoCSubmitDraft" time="26.577"/>
  <system-out/>
</testsuite> <!-- loc.CreateLoCSubmitDraft -->
