<?xml version="1.0" encoding="UTF-8"?>
<!-- Generated by org.testng.reporters.JUnitReportReporter -->
<testsuite hostname="KODEs-Mac-mini.local" failures="0" tests="2" name="testCategories.AddGroupCategory" time="18.636" errors="0" timestamp="2024-08-23T17:08:14 IST" skipped="0">
  <testcase classname="testCategories.AddGroupCategory" name="goToCategory" time="6.211"/>
  <system-out/>
  <testcase classname="testCategories.AddGroupCategory" name="addSingleCategory" time="12.425"/>
  <system-out/>
</testsuite> <!-- testCategories.AddGroupCategory -->
