<?xml version="1.0" encoding="UTF-8"?>
<!-- Generated by org.testng.reporters.JUnitReportReporter -->
<testsuite hostname="KODEs-Mac-mini.local" failures="0" tests="2" name="testLoC.AddLOC" time="18.934" errors="0" timestamp="2024-07-25T12:17:16 IST" skipped="0">
  <testcase classname="testLoC.AddLOC" name="selectLOC" time="6.198"/>
  <system-out/>
  <testcase classname="testLoC.AddLOC" name="addLOC" time="12.736"/>
  <system-out/>
</testsuite> <!-- testLoC.AddLOC -->
