<?xml version="1.0" encoding="UTF-8"?>
<!-- Generated by org.testng.reporters.JUnitReportReporter -->
<testsuite hostname="KODEs-Mac-mini.local" failures="0" tests="4" name="liveQuestionnaires.CreateCustomQuestionnaire" time="68.511" errors="0" timestamp="2024-07-30T10:09:58 IST" skipped="0">
  <testcase classname="liveQuestionnaires.CreateCustomQuestionnaire" name="goToCustomQuestionnaire" time="7.905"/>
  <system-out/>
  <testcase classname="liveQuestionnaires.CreateCustomQuestionnaire" name="addQuestion1" time="22.447"/>
  <system-out/>
  <testcase classname="liveQuestionnaires.CreateCustomQuestionnaire" name="addQuestion2" time="19.080"/>
  <system-out/>
  <testcase classname="liveQuestionnaires.CreateCustomQuestionnaire" name="addQuestion3" time="19.079"/>
  <system-out/>
</testsuite> <!-- liveQuestionnaires.CreateCustomQuestionnaire -->
