<?xml version="1.0" encoding="UTF-8"?>
<!-- Generated by org.testng.reporters.JUnitReportReporter -->
<testsuite hostname="KODEs-Mac-mini.local" failures="0" tests="2" name="login.TestPrescriptionLogin" time="29.345" errors="0" timestamp="2024-07-18T15:21:10 IST" skipped="0">
  <testcase classname="login.TestPrescriptionLogin" name="login" time="29.023"/>
  <system-out/>
  <testcase classname="login.TestPrescriptionLogin" name="quitBrowser" time="0.322"/>
  <system-out/>
</testsuite> <!-- login.TestPrescriptionLogin -->
