<?xml version="1.0" encoding="UTF-8"?>
<!-- Generated by org.testng.reporters.JUnitReportReporter -->
<testsuite hostname="KODEs-Mac-mini.local" failures="0" tests="3" name="liveNotesFiles.AddNotePrescriptionSubmitDraft" time="41.389" errors="0" timestamp="2024-07-18T17:05:36 IST" skipped="0">
  <testcase classname="liveNotesFiles.AddNotePrescriptionSubmitDraft" name="goToClient" time="3.175"/>
  <system-out/>
  <testcase classname="liveNotesFiles.AddNotePrescriptionSubmitDraft" name="searchClient" time="9.587"/>
  <system-out/>
  <testcase classname="liveNotesFiles.AddNotePrescriptionSubmitDraft" name="addNoteWithPrescription" time="28.627"/>
  <system-out/>
</testsuite> <!-- liveNotesFiles.AddNotePrescriptionSubmitDraft -->
