<?xml version="1.0" encoding="UTF-8"?>
<!-- Generated by org.testng.reporters.JUnitReportReporter -->
<testsuite hostname="KODEs-Mac-mini.local" failures="0" tests="4" name="testQuestionnaires.CreateCustomQuestionnaire" time="64.831" errors="0" timestamp="2024-08-09T09:44:15 IST" skipped="0">
  <testcase classname="testQuestionnaires.CreateCustomQuestionnaire" name="goToCustomQuestionnaire" time="6.203"/>
  <system-out/>
  <testcase classname="testQuestionnaires.CreateCustomQuestionnaire" name="addQuestion1" time="21.570"/>
  <system-out/>
  <testcase classname="testQuestionnaires.CreateCustomQuestionnaire" name="addQuestion2" time="18.490"/>
  <system-out/>
  <testcase classname="testQuestionnaires.CreateCustomQuestionnaire" name="addQuestion3" time="18.568"/>
  <system-out/>
</testsuite> <!-- testQuestionnaires.CreateCustomQuestionnaire -->
