<?xml version="1.0" encoding="UTF-8"?>
<!-- Generated by org.testng.reporters.JUnitReportReporter -->
<testsuite hostname="KODEs-Mac-mini.local" failures="0" tests="3" name="liveLoC.AddLoCSubmitDraft" time="37.894" errors="0" timestamp="2024-07-30T12:01:37 IST" skipped="0">
  <testcase classname="liveLoC.AddLoCSubmitDraft" name="goToClient" time="3.182"/>
  <system-out/>
  <testcase classname="liveLoC.AddLoCSubmitDraft" name="searchClient" time="9.484"/>
  <system-out/>
  <testcase classname="liveLoC.AddLoCSubmitDraft" name="addLoCSubmitDraft" time="25.228"/>
  <system-out/>
</testsuite> <!-- liveLoC.AddLoCSubmitDraft -->
