<?xml version="1.0" encoding="UTF-8"?>
<!-- Generated by org.testng.reporters.JUnitReportReporter -->
<testsuite hostname="KODEs-Mac-mini.local" failures="0" tests="2" name="login.TestLogin" time="31.200" errors="0" timestamp="2024-07-18T15:06:04 IST" skipped="0">
  <testcase classname="login.TestLogin" name="login" time="30.883"/>
  <system-out/>
  <testcase classname="login.TestLogin" name="quitBrowser" time="0.317"/>
  <system-out/>
</testsuite> <!-- login.TestLogin -->
