<?xml version="1.0" encoding="UTF-8"?>
<!-- Generated by org.testng.reporters.JUnitReportReporter -->
<testsuite hostname="KODEs-Mac-mini.local" failures="0" tests="2" name="prescriptions.PrescriptionPlatformLogin" time="22.041" errors="0" timestamp="2024-07-18T14:53:27 IST" skipped="0">
  <testcase classname="prescriptions.PrescriptionPlatformLogin" name="login" time="21.767"/>
  <system-out/>
  <testcase classname="prescriptions.PrescriptionPlatformLogin" name="quitBrowser" time="0.274"/>
  <system-out/>
</testsuite> <!-- prescriptions.PrescriptionPlatformLogin -->
