<?xml version="1.0" encoding="UTF-8"?>
<!-- Generated by org.testng.reporters.JUnitReportReporter -->
<testsuite hostname="KODEs-Mac-mini.local" failures="0" tests="3" name="testBooking.AddClientBooking" time="54.429" errors="0" timestamp="2024-07-25T11:34:38 IST" skipped="0">
  <testcase classname="testBooking.AddClientBooking" name="goToClient" time="3.526"/>
  <system-out/>
  <testcase classname="testBooking.AddClientBooking" name="searchClient" time="9.738"/>
  <system-out/>
  <testcase classname="testBooking.AddClientBooking" name="addBooking" time="41.165"/>
  <system-out/>
</testsuite> <!-- testBooking.AddClientBooking -->
