<?xml version="1.0" encoding="UTF-8"?>
<!-- Generated by org.testng.reporters.JUnitReportReporter -->
<testsuite hostname="KODEs-Mac-mini.local" failures="0" tests="3" name="notesFiles.CreateNoteSubmitDraft" time="31.711" errors="0" timestamp="2024-07-17T15:47:41 IST" skipped="0">
  <testcase classname="notesFiles.CreateNoteSubmitDraft" name="goToClient" time="3.156"/>
  <system-out/>
  <testcase classname="notesFiles.CreateNoteSubmitDraft" name="searchClient" time="9.460"/>
  <system-out/>
  <testcase classname="notesFiles.CreateNoteSubmitDraft" name="addNoteSubmitDraft" time="19.095"/>
  <system-out/>
</testsuite> <!-- notesFiles.CreateNoteSubmitDraft -->
