<?xml version="1.0" encoding="UTF-8"?>
<!-- Generated by org.testng.reporters.JUnitReportReporter -->
<testsuite hostname="KODEs-Mac-mini.local" failures="0" tests="2" name="liveLoC.AddLOC" time="18.823" errors="0" timestamp="2024-07-25T12:20:17 IST" skipped="0">
  <testcase classname="liveLoC.AddLOC" name="selectLOC" time="6.183"/>
  <system-out/>
  <testcase classname="liveLoC.AddLOC" name="addLOC" time="12.640"/>
  <system-out/>
</testsuite> <!-- liveLoC.AddLOC -->
