<?xml version="1.0" encoding="UTF-8"?>
<!-- Generated by org.testng.reporters.JUnitReportReporter -->
<testsuite hostname="KODEs-Mac-mini.local" failures="0" tests="3" name="notesFiles.AddNotePrescriptionSubmitDraft" time="44.852" errors="0" timestamp="2024-07-18T09:56:26 IST" skipped="0">
  <testcase classname="notesFiles.AddNotePrescriptionSubmitDraft" name="goToClient" time="3.629"/>
  <system-out/>
  <testcase classname="notesFiles.AddNotePrescriptionSubmitDraft" name="searchClient" time="10.146"/>
  <system-out/>
  <testcase classname="notesFiles.AddNotePrescriptionSubmitDraft" name="addNoteWithPrescription" time="31.077"/>
  <system-out/>
</testsuite> <!-- notesFiles.AddNotePrescriptionSubmitDraft -->
