<?xml version="1.0" encoding="UTF-8"?>
<!-- Generated by org.testng.reporters.JUnitReportReporter -->
<testsuite hostname="KODEs-Mac-mini.local" failures="0" tests="2" name="login.TestMERIDIQLogin" time="36.112" errors="0" timestamp="2024-09-20T10:58:29 IST" skipped="0">
  <testcase classname="login.TestMERIDIQLogin" name="login" time="35.573"/>
  <system-out/>
  <testcase classname="login.TestMERIDIQLogin" name="quitBrowser" time="0.539"/>
  <system-out/>
</testsuite> <!-- login.TestMERIDIQLogin -->
