<?xml version="1.0" encoding="UTF-8"?>
<!-- Generated by org.testng.reporters.JUnitReportReporter -->
<testsuite hostname="KODEs-Mac-mini.local" failures="0" tests="2" name="login.TestPrescriptionLogin" time="33.516" errors="0" timestamp="2024-09-20T10:58:29 IST" skipped="0">
  <testcase classname="login.TestPrescriptionLogin" name="login" time="32.886"/>
  <system-out/>
  <testcase classname="login.TestPrescriptionLogin" name="quitBrowser" time="0.630"/>
  <system-out/>
</testsuite> <!-- login.TestPrescriptionLogin -->
